<?xml version="1.0" encoding="UTF-8"?>
<!-- Generated by org.testng.reporters.JUnitXMLReporter -->
<testsuite hostname="KISHORZZZZ-PC" ignored="2" name="Test" tests="3" failures="0" timestamp="06 Jan 2019 07:51:18 GMT" time="58.258" errors="0">
  <testcase name="testValidLogin" time="15.01" classname="script.ValidLogin"/>
  <testcase name="testInvalidLogin" time="8.313" classname="script.InvalidLogin"/>
  <testcase name="testProductVersion" time="8.64" classname="script.VerifyProductVersion"/>
  <testcase name="@AfterSuite print" time="0.0" classname="generic.BaseTest">
    <ignored/>
  </testcase> <!-- @AfterSuite print -->
  <testcase name="@AfterSuite print" time="0.0" classname="generic.BaseTest">
    <ignored/>
  </testcase> <!-- @AfterSuite print -->
</testsuite> <!-- Test -->
