<?xml version="1.0" encoding="UTF-8"?>
<testng-results skipped="0" failed="0" total="1" passed="1">
  <reporter-output>
    <line>
      <![CDATA[TestName:testA Status:PASS]]>
    </line>
  </reporter-output>
  <suite name="Suite" duration-ms="36225" started-at="2018-10-15T02:13:49Z" finished-at="2018-10-15T02:14:25Z">
    <groups>
      <group name="smoke">
        <method signature="OrangeTC1.testA()[pri:1, instance:script.OrangeTC1@29774679]" name="testA" class="script.OrangeTC1"/>
      </group> <!-- smoke -->
    </groups>
    <test name="Test" duration-ms="36225" started-at="2018-10-15T02:13:49Z" finished-at="2018-10-15T02:14:25Z">
      <class name="script.OrangeTC1">
        <test-method status="PASS" signature="openApp(java.lang.String, java.lang.String)[pri:0, instance:script.OrangeTC1@29774679]" name="openApp" is-config="true" duration-ms="26785" started-at="2018-10-15T07:43:49Z" finished-at="2018-10-15T07:44:15Z">
          <params>
            <param index="0">
              <value>
                <![CDATA[192.168.0.2]]>
              </value>
            </param>
            <param index="1">
              <value>
                <![CDATA[chrome]]>
              </value>
            </param>
          </params>
          <reporter-output>
          </reporter-output>
        </test-method> <!-- openApp -->
        <test-method status="PASS" signature="testA()[pri:1, instance:script.OrangeTC1@29774679]" name="testA" duration-ms="9323" started-at="2018-10-15T07:44:15Z" finished-at="2018-10-15T07:44:25Z">
          <reporter-output>
          </reporter-output>
        </test-method> <!-- testA -->
        <test-method status="PASS" signature="closeApp(org.testng.ITestResult)[pri:0, instance:script.OrangeTC1@29774679]" name="closeApp" is-config="true" duration-ms="101" started-at="2018-10-15T07:44:25Z" finished-at="2018-10-15T07:44:25Z">
          <params>
            <param index="0">
              <value>
                <![CDATA[[TestResult name=testA status=SUCCESS method=OrangeTC1.testA()[pri:1, instance:script.OrangeTC1@29774679] output={null}]]]>
              </value>
            </param>
          </params>
          <reporter-output>
            <line>
              <![CDATA[TestName:testA Status:PASS]]>
            </line>
          </reporter-output>
        </test-method> <!-- closeApp -->
      </class> <!-- script.OrangeTC1 -->
    </test> <!-- Test -->
  </suite> <!-- Suite -->
</testng-results>
